<?xml version="1.0" encoding="UTF-8"?>
<!-- Generated by org.testng.reporters.JUnitXMLReporter -->
<testsuite ignored="11" hostname="HK" failures="1" tests="12" name="firefoxTest" time="234.864" errors="0" timestamp="2025-05-18T09:46:28 EDT">
  <testcase classname="testCases.TC02_Login" name="login" time="60.078">
    <skipped/>
  </testcase> <!-- login -->
  <testcase classname="testCases.TC02_Login" name="login" time="60.022">
    <skipped/>
  </testcase> <!-- login -->
  <testcase classname="testCases.TC02_Login" name="login" time="23.774">
    <failure type="org.openqa.selenium.ElementNotInteractableException" message="Element &amp;lt;a class=&amp;quot;dropdown-item&amp;quot; href=&amp;quot;https://www.cloudberrystore.services/index.php?route=account/login&amp;amp;language=en-gb&amp;quot;&amp;gt; could not be scrolled into view
Build info: version: &amp;apos;4.31.0&amp;apos;, revision: &amp;apos;1ef9f18787*&amp;apos;
System info: os.name: &amp;apos;Windows 11&amp;apos;, os.arch: &amp;apos;amd64&amp;apos;, os.version: &amp;apos;10.0&amp;apos;, java.version: &amp;apos;23.0.1&amp;apos;
Driver info: org.openqa.selenium.remote.RemoteWebDriver
Command: [141ce4d2-28b8-40c7-8470-a1d9d78a5714, clickElement {id=3dbdb278-a82b-4775-b812-50b153fb10ed}]
Capabilities {acceptInsecureCerts: true, browserName: firefox, browserVersion: 138.0.4, moz:accessibilityChecks: false, moz:buildID: 20250517143237, moz:firefoxOptions: {binary: C:\Program Files\Mozilla Fi..., prefs: {remote.active-protocols: 3}}, moz:geckodriverVersion: 0.36.0, moz:headless: false, moz:platformVersion: 10.0, moz:processID: 3756, moz:profile: C:\Users\hicha\AppData\Loca..., moz:shutdownTimeout: 60000, moz:webdriverClick: true, moz:windowless: false, pageLoadStrategy: normal, platformName: Windows 11, proxy: Proxy(), se:bidiEnabled: false, se:cdpEnabled: false, setWindowRect: true, strictFileInteractability: false, timeouts: {implicit: 0, pageLoad: 300000, script: 30000}, unhandledPromptBehavior: dismiss and notify, userAgent: Mozilla/5.0 (Windows NT 10....}
Element: [[RemoteWebDriver: firefox on Windows 11 (141ce4d2-28b8-40c7-8470-a1d9d78a5714)] -&amp;gt; xpath: //a[normalize-space()=&amp;apos;Login&amp;apos;]]
Session ID: 141ce4d2-28b8-40c7-8470-a1d9d78a5714">
      <![CDATA[org.openqa.selenium.ElementNotInteractableException: Element <a class="dropdown-item" href="https://www.cloudberrystore.services/index.php?route=account/login&language=en-gb"> could not be scrolled into view
Build info: version: '4.31.0', revision: '1ef9f18787*'
System info: os.name: 'Windows 11', os.arch: 'amd64', os.version: '10.0', java.version: '23.0.1'
Driver info: org.openqa.selenium.remote.RemoteWebDriver
Command: [141ce4d2-28b8-40c7-8470-a1d9d78a5714, clickElement {id=3dbdb278-a82b-4775-b812-50b153fb10ed}]
Capabilities {acceptInsecureCerts: true, browserName: firefox, browserVersion: 138.0.4, moz:accessibilityChecks: false, moz:buildID: 20250517143237, moz:firefoxOptions: {binary: C:\Program Files\Mozilla Fi..., prefs: {remote.active-protocols: 3}}, moz:geckodriverVersion: 0.36.0, moz:headless: false, moz:platformVersion: 10.0, moz:processID: 3756, moz:profile: C:\Users\hicha\AppData\Loca..., moz:shutdownTimeout: 60000, moz:webdriverClick: true, moz:windowless: false, pageLoadStrategy: normal, platformName: Windows 11, proxy: Proxy(), se:bidiEnabled: false, se:cdpEnabled: false, setWindowRect: true, strictFileInteractability: false, timeouts: {implicit: 0, pageLoad: 300000, script: 30000}, unhandledPromptBehavior: dismiss and notify, userAgent: Mozilla/5.0 (Windows NT 10....}
Element: [[RemoteWebDriver: firefox on Windows 11 (141ce4d2-28b8-40c7-8470-a1d9d78a5714)] -> xpath: //a[normalize-space()='Login']]
Session ID: 141ce4d2-28b8-40c7-8470-a1d9d78a5714
at org.openqa.selenium.remote.ErrorCodec.decode(ErrorCodec.java:167)
at org.openqa.selenium.remote.codec.w3c.W3CHttpResponseCodec.decode(W3CHttpResponseCodec.java:138)
at org.openqa.selenium.remote.codec.w3c.W3CHttpResponseCodec.decode(W3CHttpResponseCodec.java:50)
at org.openqa.selenium.remote.HttpCommandExecutor.execute(HttpCommandExecutor.java:215)
at org.openqa.selenium.remote.TracedCommandExecutor.execute(TracedCommandExecutor.java:53)
at org.openqa.selenium.remote.RemoteWebDriver.execute(RemoteWebDriver.java:545)
at org.openqa.selenium.remote.RemoteWebElement.execute(RemoteWebElement.java:223)
at org.openqa.selenium.remote.RemoteWebElement.click(RemoteWebElement.java:76)
at org.openqa.selenium.support.pagefactory.internal.LocatingElementHandler.invoke(LocatingElementHandler.java:51)
at jdk.proxy2/jdk.proxy2.$Proxy31.click(Unknown Source)
at pageObjects.HomePage.click_linkLogin(HomePage.java:47)
at testCases.TC02_Login.login(TC02_Login.java:38)
at java.base/java.util.ArrayList.forEach(ArrayList.java:1597)
at java.base/java.util.concurrent.FutureTask.run(FutureTask.java:317)
at java.base/java.util.concurrent.ThreadPoolExecutor.runWorker(ThreadPoolExecutor.java:1144)
at java.base/java.util.concurrent.ThreadPoolExecutor$Worker.run(ThreadPoolExecutor.java:642)
at java.base/java.lang.Thread.run(Thread.java:1575)
... Removed 20 stack frames]]>
    </failure>
  </testcase> <!-- login -->
  <testcase classname="testCases.TC02_Login" name="login" time="3.388"/>
  <testcase classname="testCases.TC02_Login" name="login" time="2.655"/>
  <testcase classname="testCases.TC02_Login" name="login" time="2.757"/>
  <testcase classname="testCases.TC02_Login" name="login" time="2.823"/>
  <testcase classname="testCases.TC01_LuanchBrowser" name="testLaunchApplication" time="0.01"/>
  <testcase classname="testCases.TC03_AddToCart" name="findProduct" time="6.662"/>
  <testcase classname="testCases.TC05_AddToWishList" name="login" time="6.918"/>
  <testcase classname="testCases.TC04_CompletePurshase" name="findProduct" time="4.358"/>
  <testcase classname="testCases.TC06_AddAffiliate" name="login" time="4.996"/>
  <testcase classname="testCases.TC04_CompletePurshase" name="checkout" time="0.0">
    <ignored/>
  </testcase> <!-- checkout -->
  <testcase classname="testCases.TC03_AddToCart" name="addToTheCart" time="0.0">
    <ignored/>
  </testcase> <!-- addToTheCart -->
  <testcase classname="testCases.TC05_AddToWishList" name="confirm" time="0.0">
    <ignored/>
  </testcase> <!-- confirm -->
  <testcase classname="testCases.TC05_AddToWishList" name="addToWishList" time="0.0">
    <ignored/>
  </testcase> <!-- addToWishList -->
  <testcase classname="testCases.TC04_CompletePurshase" name="order_validation" time="0.0">
    <ignored/>
  </testcase> <!-- order_validation -->
  <testcase classname="testCases.TC03_AddToCart" name="validation" time="0.0">
    <ignored/>
  </testcase> <!-- validation -->
  <testcase classname="testCases.TC05_AddToWishList" name="findProduct" time="0.0">
    <ignored/>
  </testcase> <!-- findProduct -->
  <testcase classname="testCases.TC04_CompletePurshase" name="login" time="0.0">
    <ignored/>
  </testcase> <!-- login -->
  <testcase classname="testCases.TC06_AddAffiliate" name="completeAffiliateForm" time="0.0">
    <ignored/>
  </testcase> <!-- completeAffiliateForm -->
  <testcase classname="testCases.TC06_AddAffiliate" name="confirm" time="0.0">
    <ignored/>
  </testcase> <!-- confirm -->
  <testcase classname="testCases.TC04_CompletePurshase" name="addToTheCart" time="0.0">
    <ignored/>
  </testcase> <!-- addToTheCart -->
</testsuite> <!-- firefoxTest -->
