<?xml version="1.0" encoding="UTF-8"?>
<!-- Generated by org.testng.reporters.JUnitReportReporter -->
<testsuite hostname="HK" failures="0" tests="17" name="testCases.TC02_Login" time="187.689" errors="1" timestamp="2025-05-18T09:46:28 EDT" skipped="2">
  <testcase classname="testCases.TC02_Login" name="login" time="2.768"/>
  <testcase classname="testCases.TC02_Login" name="login" time="2.757"/>
  <testcase classname="testCases.TC02_Login" name="login" time="2.850"/>
  <testcase classname="testCases.TC02_Login" name="login" time="3.388"/>
  <testcase classname="testCases.TC02_Login" name="login" time="60.022">
    <skipped/>
  </testcase> <!-- login -->
  <testcase classname="testCases.TC02_Login" name="login" time="2.655"/>
  <testcase classname="testCases.TC02_Login" name="login" time="2.841"/>
  <testcase classname="testCases.TC02_Login" name="login" time="2.775"/>
  <testcase classname="testCases.TC02_Login" name="login" time="2.509"/>
  <testcase classname="testCases.TC02_Login" name="login" time="5.309"/>
  <testcase classname="testCases.TC02_Login" name="login" time="2.823"/>
  <testcase classname="testCases.TC02_Login" name="login" time="23.774">
    <error message="Element &lt;a class=&quot;dropdown-item&quot; href=&quot;https://www.cloudberrystore.services/index.php?route=account/login&amp;language=en-gb&quot;&gt; could not be scrolled into view
Build info: version: &#039;4.31.0&#039;, revision: &#039;1ef9f18787*&#039;
System info: os.name: &#039;Windows 11&#039;, os.arch: &#039;amd64&#039;, os.version: &#039;10.0&#039;, java.version: &#039;23.0.1&#039;
Driver info: org.openqa.selenium.remote.RemoteWebDriver
Command: [141ce4d2-28b8-40c7-8470-a1d9d78a5714, clickElement {id=3dbdb278-a82b-4775-b812-50b153fb10ed}]
Capabilities {acceptInsecureCerts: true, browserName: firefox, browserVersion: 138.0.4, moz:accessibilityChecks: false, moz:buildID: 20250517143237, moz:firefoxOptions: {binary: C:\Program Files\Mozilla Fi..., prefs: {remote.active-protocols: 3}}, moz:geckodriverVersion: 0.36.0, moz:headless: false, moz:platformVersion: 10.0, moz:processID: 3756, moz:profile: C:\Users\hicha\AppData\Loca..., moz:shutdownTimeout: 60000, moz:webdriverClick: true, moz:windowless: false, pageLoadStrategy: normal, platformName: Windows 11, proxy: Proxy(), se:bidiEnabled: false, se:cdpEnabled: false, setWindowRect: true, strictFileInteractability: false, timeouts: {implicit: 0, pageLoad: 300000, script: 30000}, unhandledPromptBehavior: dismiss and notify, userAgent: Mozilla/5.0 (Windows NT 10....}
Element: [[RemoteWebDriver: firefox on Windows 11 (141ce4d2-28b8-40c7-8470-a1d9d78a5714)] -&gt; xpath: //a[normalize-space()=&#039;Login&#039;]]
Session ID: 141ce4d2-28b8-40c7-8470-a1d9d78a5714" type="org.openqa.selenium.ElementNotInteractableException">
      <![CDATA[org.openqa.selenium.ElementNotInteractableException: Element <a class="dropdown-item" href="https://www.cloudberrystore.services/index.php?route=account/login&language=en-gb"> could not be scrolled into view
Build info: version: '4.31.0', revision: '1ef9f18787*'
System info: os.name: 'Windows 11', os.arch: 'amd64', os.version: '10.0', java.version: '23.0.1'
Driver info: org.openqa.selenium.remote.RemoteWebDriver
Command: [141ce4d2-28b8-40c7-8470-a1d9d78a5714, clickElement {id=3dbdb278-a82b-4775-b812-50b153fb10ed}]
Capabilities {acceptInsecureCerts: true, browserName: firefox, browserVersion: 138.0.4, moz:accessibilityChecks: false, moz:buildID: 20250517143237, moz:firefoxOptions: {binary: C:\Program Files\Mozilla Fi..., prefs: {remote.active-protocols: 3}}, moz:geckodriverVersion: 0.36.0, moz:headless: false, moz:platformVersion: 10.0, moz:processID: 3756, moz:profile: C:\Users\hicha\AppData\Loca..., moz:shutdownTimeout: 60000, moz:webdriverClick: true, moz:windowless: false, pageLoadStrategy: normal, platformName: Windows 11, proxy: Proxy(), se:bidiEnabled: false, se:cdpEnabled: false, setWindowRect: true, strictFileInteractability: false, timeouts: {implicit: 0, pageLoad: 300000, script: 30000}, unhandledPromptBehavior: dismiss and notify, userAgent: Mozilla/5.0 (Windows NT 10....}
Element: [[RemoteWebDriver: firefox on Windows 11 (141ce4d2-28b8-40c7-8470-a1d9d78a5714)] -> xpath: //a[normalize-space()='Login']]
Session ID: 141ce4d2-28b8-40c7-8470-a1d9d78a5714
at java.base/jdk.internal.reflect.DirectConstructorHandleAccessor.newInstance(DirectConstructorHandleAccessor.java:62)
at java.base/java.lang.reflect.Constructor.newInstanceWithCaller(Constructor.java:501)
at java.base/java.lang.reflect.Constructor.newInstance(Constructor.java:485)
at org.openqa.selenium.remote.ErrorCodec.decode(ErrorCodec.java:167)
at org.openqa.selenium.remote.codec.w3c.W3CHttpResponseCodec.decode(W3CHttpResponseCodec.java:138)
at org.openqa.selenium.remote.codec.w3c.W3CHttpResponseCodec.decode(W3CHttpResponseCodec.java:50)
at org.openqa.selenium.remote.HttpCommandExecutor.execute(HttpCommandExecutor.java:215)
at org.openqa.selenium.remote.TracedCommandExecutor.execute(TracedCommandExecutor.java:53)
at org.openqa.selenium.remote.RemoteWebDriver.execute(RemoteWebDriver.java:545)
at org.openqa.selenium.remote.RemoteWebElement.execute(RemoteWebElement.java:223)
at org.openqa.selenium.remote.RemoteWebElement.click(RemoteWebElement.java:76)
at java.base/jdk.internal.reflect.DirectMethodHandleAccessor.invoke(DirectMethodHandleAccessor.java:103)
at java.base/java.lang.reflect.Method.invoke(Method.java:580)
at org.openqa.selenium.support.pagefactory.internal.LocatingElementHandler.invoke(LocatingElementHandler.java:51)
at jdk.proxy2/jdk.proxy2.$Proxy31.click(Unknown Source)
at pageObjects.HomePage.click_linkLogin(HomePage.java:47)
at testCases.TC02_Login.login(TC02_Login.java:38)
at java.base/jdk.internal.reflect.DirectMethodHandleAccessor.invoke(DirectMethodHandleAccessor.java:103)
at java.base/java.lang.reflect.Method.invoke(Method.java:580)
at org.testng.internal.invokers.MethodInvocationHelper.invokeMethod(MethodInvocationHelper.java:141)
at org.testng.internal.invokers.TestInvoker.invokeMethod(TestInvoker.java:687)
at org.testng.internal.invokers.TestInvoker.retryFailed(TestInvoker.java:269)
at org.testng.internal.invokers.MethodRunner.runInSequence(MethodRunner.java:76)
at org.testng.internal.invokers.TestInvoker$MethodInvocationAgent.invoke(TestInvoker.java:995)
at org.testng.internal.invokers.TestInvoker.invokeTestMethods(TestInvoker.java:203)
at org.testng.internal.invokers.TestMethodWorker.invokeTestMethods(TestMethodWorker.java:154)
at org.testng.internal.invokers.TestMethodWorker.run(TestMethodWorker.java:134)
at java.base/java.util.ArrayList.forEach(ArrayList.java:1597)
at org.testng.TestRunner.privateRun(TestRunner.java:741)
at org.testng.TestRunner.run(TestRunner.java:616)
at org.testng.SuiteRunner.runTest(SuiteRunner.java:421)
at org.testng.SuiteRunner$SuiteWorker.run(SuiteRunner.java:463)
at org.testng.internal.thread.ThreadUtil.lambda$execute$0(ThreadUtil.java:64)
at java.base/java.util.concurrent.FutureTask.run(FutureTask.java:317)
at java.base/java.util.concurrent.ThreadPoolExecutor.runWorker(ThreadPoolExecutor.java:1144)
at java.base/java.util.concurrent.ThreadPoolExecutor$Worker.run(ThreadPoolExecutor.java:642)
at java.base/java.lang.Thread.run(Thread.java:1575)
]]>
    </error>
  </testcase> <!-- login -->
  <testcase classname="testCases.TC02_Login" name="login" time="60.078">
    <skipped/>
  </testcase> <!-- login -->
  <testcase classname="testCases.TC02_Login" name="login" time="2.842"/>
  <testcase classname="testCases.TC02_Login" name="login" time="2.790"/>
  <testcase classname="testCases.TC02_Login" name="login" time="2.598"/>
  <testcase classname="testCases.TC02_Login" name="login" time="4.910"/>
</testsuite> <!-- testCases.TC02_Login -->
